<?xml version="1.0" encoding="UTF-8" ?>
<testsuite errors="0" failures="0" hostname="SYSIND0024" name="com.sysnet.safemaker.SAQCProfile" tests="1" time="221.692" timestamp="2016-01-29T05:40:54">
  <properties>
[...]
</properties>
  <testcase classname="com.sysnet.safemaker.SAQCProfile" name="merchantJourney" time="221.444" />
  <system-out><![CDATA[https://qaint-54.sysnet.ie/safemaker/login
Firefox is uesd to run script
Firefox browser is selected
2
Scenario1
10
NO
 INFO [main] (LoginPage.java:62) - Merchant Logged in with Username: 20160127055
sucessfull
 INFO [main] (PersonalisePage.java:50) - Merchant is personalised and the username is: Test20160127055
 INFO [main] (SAQCProfile.java:156) - Merchant profile initiated for SAQ type C Scenario1
64
1
existingData:yes
span input#existingData0
 INFO [main] (ProfileQuestion.java:90) - existingData answer is yes
proflileKey: existingData
KeyValue: yes
 INFO [main] (ProfileQuestion.java:37) - existingData question is answered as: yes
5
pacF2f:check
span.sgs-form__checkbox input#pacF2f
 INFO [main] (ProfileQuestion.java:90) - pacF2f answer is check
proflileKey: pacF2f
KeyValue: check
 INFO [main] (ProfileQuestion.java:37) - pacF2f question is answered as: check
26
smartphonePosUsed:check
span.sgs-form__checkbox input#smartphonePosUsed
 INFO [main] (ProfileQuestion.java:90) - smartphonePosUsed answer is check
proflileKey: smartphonePosUsed
KeyValue: check
 INFO [main] (ProfileQuestion.java:37) - smartphonePosUsed question is answered as: check
43
mobileMerchantSetup_swipe:no
mobileMerchantSetup_app:yes
mobileMerchantSetup_vt:no
span input#mobileMerchantSetup_swipe1
 INFO [main] (ProfileQuestion.java:90) - mobileMerchantSetup_swipe answer is no
proflileKey: mobileMerchantSetup_swipe
KeyValue: no
 INFO [main] (ProfileQuestion.java:37) - mobileMerchantSetup_swipe question is answered as: no
span input#mobileMerchantSetup_app0
 INFO [main] (ProfileQuestion.java:90) - mobileMerchantSetup_app answer is yes
proflileKey: mobileMerchantSetup_app
KeyValue: yes
 INFO [main] (ProfileQuestion.java:37) - mobileMerchantSetup_app question is answered as: yes
span input#mobileMerchantSetup_vt1
 INFO [main] (ProfileQuestion.java:90) - mobileMerchantSetup_vt answer is no
proflileKey: mobileMerchantSetup_vt
KeyValue: no
 INFO [main] (ProfileQuestion.java:37) - mobileMerchantSetup_vt question is answered as: no
44
mobileMerchantOnly:yes
span input#mobileMerchantOnly0
 INFO [main] (ProfileQuestion.java:90) - mobileMerchantOnly answer is yes
proflileKey: mobileMerchantOnly
KeyValue: yes
 INFO [main] (ProfileQuestion.java:37) - mobileMerchantOnly question is answered as: yes
53
emailCardData:no
otherUse:no
span input#emailCardData1
 INFO [main] (ProfileQuestion.java:90) - emailCardData answer is no
proflileKey: emailCardData
KeyValue: no
 INFO [main] (ProfileQuestion.java:37) - emailCardData question is answered as: no
span input#otherUse1
 INFO [main] (ProfileQuestion.java:90) - otherUse answer is no
proflileKey: otherUse
KeyValue: no
 INFO [main] (ProfileQuestion.java:37) - otherUse question is answered as: no
55
securityPolicySaqC:yes
span input#securityPolicySaqC0
 INFO [main] (ProfileQuestion.java:90) - securityPolicySaqC answer is yes
proflileKey: securityPolicySaqC
KeyValue: yes
 INFO [main] (ProfileQuestion.java:37) - securityPolicySaqC question is answered as: yes
56
internetConnected:no
span input#internetConnected1
 INFO [main] (ProfileQuestion.java:90) - internetConnected answer is no
proflileKey: internetConnected
KeyValue: no
 INFO [main] (ProfileQuestion.java:37) - internetConnected question is answered as: no
57
wirelessNetworksUsed:no
span input#wirelessNetworksUsed1
 INFO [main] (ProfileQuestion.java:90) - wirelessNetworksUsed answer is no
proflileKey: wirelessNetworksUsed
KeyValue: no
 INFO [main] (ProfileQuestion.java:37) - wirelessNetworksUsed question is answered as: no
59
otherAcquirerRelationship:no
span input#otherAcquirerRelationship1
 INFO [main] (ProfileQuestion.java:90) - otherAcquirerRelationship answer is no
proflileKey: otherAcquirerRelationship
KeyValue: no
 INFO [main] (ProfileQuestion.java:37) - otherAcquirerRelationship question is answered as: no
61
isa_has:no
span input#isa_has1
 INFO [main] (ProfileQuestion.java:90) - isa_has answer is no
proflileKey: isa_has
KeyValue: no
 INFO [main] (ProfileQuestion.java:37) - isa_has question is answered as: no
62
qsaUsed:no
span input#qsaUsed1
 INFO [main] (ProfileQuestion.java:90) - qsaUsed answer is no
proflileKey: qsaUsed
KeyValue: no
 INFO [main] (ProfileQuestion.java:37) - qsaUsed question is answered as: no
63
scopeFacilitiesAndLocations:text
scopeChdCapacity:text
scopeDescription:text
div textarea#scopeFacilitiesAndLocations
proflileKey: scopeFacilitiesAndLocations
KeyValue: text
 INFO [main] (ProfileQuestion.java:37) - scopeFacilitiesAndLocations question is answered as: text
div textarea#scopeChdCapacity
proflileKey: scopeChdCapacity
KeyValue: text
 INFO [main] (ProfileQuestion.java:37) - scopeChdCapacity question is answered as: text
div textarea#scopeDescription
proflileKey: scopeDescription
KeyValue: text
 INFO [main] (ProfileQuestion.java:37) - scopeDescription question is answered as: text
Scenario2
10
NO
 INFO [main] (LoginPage.java:62) - Merchant Logged in with Username: 20160127056
sucessfull
 INFO [main] (PersonalisePage.java:50) - Merchant is personalised and the username is: Test20160127056
 INFO [main] (SAQCProfile.java:156) - Merchant profile initiated for SAQ type C Scenario2
64
1
existingData:yes
span input#existingData0
 INFO [main] (ProfileQuestion.java:90) - existingData answer is yes
proflileKey: existingData
KeyValue: yes
 INFO [main] (ProfileQuestion.java:37) - existingData question is answered as: yes
5
pacF2f:check
span.sgs-form__checkbox input#pacF2f
 INFO [main] (ProfileQuestion.java:90) - pacF2f answer is check
proflileKey: pacF2f
KeyValue: check
 INFO [main] (ProfileQuestion.java:37) - pacF2f question is answered as: check
26
ePosUsed:check
span.sgs-form__checkbox input#ePosUsed
 INFO [main] (ProfileQuestion.java:90) - ePosUsed answer is check
proflileKey: ePosUsed
KeyValue: check
 INFO [main] (ProfileQuestion.java:37) - ePosUsed question is answered as: check
30
p2peSolutionInUse:no
span input#p2peSolutionInUse1
 INFO [main] (ProfileQuestion.java:90) - p2peSolutionInUse answer is no
proflileKey: p2peSolutionInUse
KeyValue: no
 INFO [main] (ProfileQuestion.java:37) - p2peSolutionInUse question is answered as: no
40
paymentApplication:yes
span input#paymentApplication0
 INFO [main] (ProfileQuestion.java:90) - paymentApplication answer is yes
proflileKey: paymentApplication
KeyValue: yes
 INFO [main] (ProfileQuestion.java:37) - paymentApplication question is answered as: yes
41
paDssCertified:yes
span input#paDssCertified0
 INFO [main] (ProfileQuestion.java:90) - paDssCertified answer is yes
proflileKey: paDssCertified
KeyValue: yes
 INFO [main] (ProfileQuestion.java:37) - paDssCertified question is answered as: yes
42
pciSscValidatedPaymentApplications_list:INFO
proflileKey: pciSscValidatedPaymentApplications_list
KeyValue: INFO
 INFO [main] (ProfileQuestion.java:37) - pciSscValidatedPaymentApplications_list question is answered as: INFO
46
batchSettlementFilesUsed:no
span input#batchSettlementFilesUsed1
 INFO [main] (ProfileQuestion.java:90) - batchSettlementFilesUsed answer is no
proflileKey: batchSettlementFilesUsed
KeyValue: no
 INFO [main] (ProfileQuestion.java:37) - batchSettlementFilesUsed question is answered as: no
47
remoteAccessToPos:no
span input#remoteAccessToPos1
 INFO [main] (ProfileQuestion.java:90) - remoteAccessToPos answer is no
proflileKey: remoteAccessToPos
KeyValue: no
 INFO [main] (ProfileQuestion.java:37) - remoteAccessToPos question is answered as: no
49
physicalCardDataUsed:no
span input#physicalCardDataUsed1
 INFO [main] (ProfileQuestion.java:90) - physicalCardDataUsed answer is no
proflileKey: physicalCardDataUsed
KeyValue: no
 INFO [main] (ProfileQuestion.java:37) - physicalCardDataUsed question is answered as: no
53
emailCardData:no
otherUse:no
span input#emailCardData1
 INFO [main] (ProfileQuestion.java:90) - emailCardData answer is no
proflileKey: emailCardData
KeyValue: no
 INFO [main] (ProfileQuestion.java:37) - emailCardData question is answered as: no
span input#otherUse1
 INFO [main] (ProfileQuestion.java:90) - otherUse answer is no
proflileKey: otherUse
KeyValue: no
 INFO [main] (ProfileQuestion.java:37) - otherUse question is answered as: no
55
securityPolicySaqC:yes
span input#securityPolicySaqC0
 INFO [main] (ProfileQuestion.java:90) - securityPolicySaqC answer is yes
proflileKey: securityPolicySaqC
KeyValue: yes
 INFO [main] (ProfileQuestion.java:37) - securityPolicySaqC question is answered as: yes
56
internetConnected:no
span input#internetConnected1
 INFO [main] (ProfileQuestion.java:90) - internetConnected answer is no
proflileKey: internetConnected
KeyValue: no
 INFO [main] (ProfileQuestion.java:37) - internetConnected question is answered as: no
57
wirelessNetworksUsed:no
span input#wirelessNetworksUsed1
 INFO [main] (ProfileQuestion.java:90) - wirelessNetworksUsed answer is no
proflileKey: wirelessNetworksUsed
KeyValue: no
 INFO [main] (ProfileQuestion.java:37) - wirelessNetworksUsed question is answered as: no
59
otherAcquirerRelationship:no
span input#otherAcquirerRelationship1
 INFO [main] (ProfileQuestion.java:90) - otherAcquirerRelationship answer is no
proflileKey: otherAcquirerRelationship
KeyValue: no
 INFO [main] (ProfileQuestion.java:37) - otherAcquirerRelationship question is answered as: no
61
isa_has:no
span input#isa_has1
 INFO [main] (ProfileQuestion.java:90) - isa_has answer is no
proflileKey: isa_has
KeyValue: no
 INFO [main] (ProfileQuestion.java:37) - isa_has question is answered as: no
62
qsaUsed:no
span input#qsaUsed1
 INFO [main] (ProfileQuestion.java:90) - qsaUsed answer is no
proflileKey: qsaUsed
KeyValue: no
 INFO [main] (ProfileQuestion.java:37) - qsaUsed question is answered as: no
63
scopeFacilitiesAndLocations:text
scopeChdCapacity:text
scopeDescription:text
div textarea#scopeFacilitiesAndLocations
proflileKey: scopeFacilitiesAndLocations
KeyValue: text
 INFO [main] (ProfileQuestion.java:37) - scopeFacilitiesAndLocations question is answered as: text
div textarea#scopeChdCapacity
proflileKey: scopeChdCapacity
KeyValue: text
 INFO [main] (ProfileQuestion.java:37) - scopeChdCapacity question is answered as: text
div textarea#scopeDescription
proflileKey: scopeDescription
KeyValue: text
 INFO [main] (ProfileQuestion.java:37) - scopeDescription question is answered as: text
]]></system-out>
  <system-err><![CDATA[]]></system-err>
</testsuite>
